2026-04-30 21:12:09 | [BitEngine:INFO] Starting dialog sequence: scene_alley_start
2026-04-30 21:12:09 | [BitEngine:INFO] Saving game to slot 0
2026-04-30 21:12:25 | [BitEngine:INFO] Starting dialog sequence: alley_work
2026-04-30 21:12:25 | [BitEngine:INFO] Event: add 'trust_akira' 0 -> 1
2026-04-30 21:12:25 | [BitEngine:INFO] Event: set 'knows_about_target' 0 -> 1
2026-04-30 21:12:25 | [BitEngine:INFO] Saving game to slot 0
2026-04-30 21:12:27 | [BitEngine:INFO] Starting dialog sequence: alley_to_market
2026-04-30 21:12:27 | [BitEngine:INFO] Saving game to slot 0
2026-04-30 21:12:28 | [BitEngine:INFO] Starting dialog sequence: scene_market_start
2026-04-30 21:12:28 | [BitEngine:INFO] Saving game to slot 0
2026-04-30 21:12:51 | [BitEngine:INFO] Starting dialog sequence: scene_alley_start
2026-04-30 21:12:51 | [BitEngine:INFO] Saving game to slot 0
2026-04-30 21:15:45 | [BitEngine:INFO] Starting dialog sequence: scene_alley_start
2026-04-30 21:15:45 | [BitEngine:INFO] Saving game to slot 0
2026-04-30 21:16:42 | [BitEngine:INFO] Starting dialog sequence: scene_alley_start
2026-04-30 21:16:42 | [BitEngine:INFO] Saving game to slot 0
2026-04-30 21:18:57 | [BitEngine:INFO] Compiling project to: data.bin
2026-04-30 21:19:05 | [BitEngine:INFO] Starting dialog sequence: scene_alley_start
2026-04-30 21:19:05 | [BitEngine:INFO] Saving game to slot 0
2026-04-30 21:19:16 | [BitEngine:INFO] Starting dialog sequence: scene_alley_start
2026-04-30 21:19:16 | [BitEngine:INFO] Saving game to slot 0
2026-04-30 21:30:39 | [BitEngine:INFO] Compiling project to: data.bin
2026-04-30 21:32:34 | [BitEngine:INFO] Compiling project to: data.bin
2026-04-30 21:32:49 | [BitEngine:INFO] Starting dialog sequence: scene_alley_start
2026-04-30 21:32:49 | [BitEngine:INFO] Saving game to slot 0
2026-04-30 21:43:42 | [BitEngine:INFO] Loading project from: ./Test/res/configs.json
2026-04-30 21:43:42 | [BitEngine:ERROR] [LoadProject] No dialog nodes loaded. Check your dialog files.
2026-04-30 21:44:25 | [BitEngine:ERROR] [LoadProject] No dialog nodes loaded. Check your dialog files.
2026-04-30 21:44:30 | [BitEngine:ERROR] [LoadProject] No dialog nodes loaded. Check your dialog files.
2026-04-30 21:44:37 | [BitEngine:INFO] Loading project from: ./Test/res/configs.json
2026-04-30 21:44:37 | [BitEngine:ERROR] [LoadProject] No dialog nodes loaded. Check your dialog files.
2026-04-30 21:45:16 | [BitEngine:INFO] Loading project from: ./Test/res/configs.json
2026-04-30 21:45:16 | [BitEngine:ERROR] [LoadProject] No dialog nodes loaded. Check your dialog files.
2026-04-30 21:47:33 | [BitEngine:INFO] Loading project from: ./Test/res/configs.json
2026-04-30 21:47:33 | [BitEngine:ERROR] [LoadProject] No dialog nodes loaded. Check your dialog files.
2026-04-30 21:51:39 | [BitEngine:INFO] Loading project from: ./Test/res/configs.json
2026-04-30 21:51:39 | [BitEngine:ERROR] [LoadProject] No dialog nodes loaded. Check your dialog files.
2026-04-30 21:55:41 | [BitEngine:INFO] Loading project from: ./Test/res/configs.json
2026-04-30 21:55:41 | [BitEngine:ERROR] [LoadProject] No dialog nodes loaded. Check your dialog files.
2026-04-30 22:21:25 | [BitEngine:INFO] Loading project from: ./Test/res/configs.json
2026-04-30 22:21:25 | [BitEngine:ERROR] [LoadProject] No dialog nodes loaded. Check your dialog files.
2026-04-30 22:21:50 | [BitEngine:ERROR] [LoadProject] No dialog nodes loaded. Check your dialog files.
2026-04-30 22:46:07 | [BitEngine:INFO] Loading project from: ./Test/res/configs.json
2026-04-30 22:46:07 | [BitEngine:ERROR] [LoadProject] No dialog nodes loaded. Check your dialog files.
2026-04-30 22:51:04 | [BitEngine:INFO] Loading project from: ./Test/res/configs.json
2026-04-30 22:51:04 | [BitEngine:ERROR] [LoadProject] No dialog nodes loaded. Check your dialog files.
2026-04-30 22:56:16 | [BitEngine:INFO] Loading project from: ./Test/res/configs.json
2026-04-30 22:56:16 | [BitEngine:ERROR] [LoadProject] No dialog nodes loaded. Check your dialog files.
2026-04-30 23:05:26 | [BitEngine:INFO] Loading project from: ./Test/res/configs.json
2026-04-30 23:05:26 | [BitEngine:ERROR] [LoadProject] No dialog nodes loaded. Check your dialog files.
2026-04-30 23:06:02 | [BitEngine:INFO] Loading project from: ./Test/res/configs.json
2026-04-30 23:06:02 | [BitEngine:ERROR] [LoadProject] No dialog nodes loaded. Check your dialog files.
2026-04-30 23:08:14 | [BitEngine:INFO] Loading project from: ./Test/res/configs.json
2026-04-30 23:08:14 | [BitEngine:ERROR] [LoadProject] Could not load dialog file: v.json
2026-04-30 23:08:14 | [BitEngine:ERROR] [LoadProject] No dialog nodes loaded. Check your dialog files.
